<?xml version="1.0" encoding="UTF-8"?>
<testsuite xmlns:xsi="http://www.w3.org/2001/XMLSchema-instance" xsi:noNamespaceSchemaLocation="https://maven.apache.org/surefire/maven-surefire-plugin/xsd/surefire-test-report.xsd" name="top.lazyr.myweb.MywebApplicationTests" time="1.795" tests="5" errors="2" skipped="0" failures="0">
  <properties>
[...]
</properties>
  <testcase name="insertDateToDictionary" classname="top.lazyr.myweb.MywebApplicationTests" time="0.4">
    <error message="could not execute statement; SQL [n/a]; constraint [word]; nested exception is org.hibernate.exception.ConstraintViolationException: could not execute statement" type="org.springframework.dao.DataIntegrityViolationException">org.springframework.dao.DataIntegrityViolationException: could not execute statement; SQL [n/a]; constraint [word]; nested exception is org.hibernate.exception.ConstraintViolationException: could not execute statement
	at top.lazyr.myweb.MywebApplicationTests.insertDateToDictionary(MywebApplicationTests.java:74)
Caused by: org.hibernate.exception.ConstraintViolationException: could not execute statement
	at top.lazyr.myweb.MywebApplicationTests.insertDateToDictionary(MywebApplicationTests.java:74)
Caused by: java.sql.SQLIntegrityConstraintViolationException: Duplicate entry 'gratitude' for key 'word'
	at top.lazyr.myweb.MywebApplicationTests.insertDateToDictionary(MywebApplicationTests.java:74)
</error>
    <system-out><![CDATA[2020-11-02 15:36:25.996  INFO 7420 --- [           main] .b.t.c.SpringBootTestContextBootstrapper : Neither @ContextConfiguration nor @ContextHierarchy found for test class [top.lazyr.myweb.MywebApplicationTests], using SpringBootContextLoader
2020-11-02 15:36:25.997  INFO 7420 --- [           main] o.s.t.c.support.AbstractContextLoader    : Could not detect default resource locations for test class [top.lazyr.myweb.MywebApplicationTests]: no resource found for suffixes {-context.xml, Context.groovy}.
2020-11-02 15:36:25.997  INFO 7420 --- [           main] t.c.s.AnnotationConfigContextLoaderUtils : Could not detect default configuration classes for test class [top.lazyr.myweb.MywebApplicationTests]: MywebApplicationTests does not declare any static, non-private, non-final, nested classes annotated with @Configuration.
2020-11-02 15:36:26.001  INFO 7420 --- [           main] .b.t.c.SpringBootTestContextBootstrapper : Found @SpringBootConfiguration top.lazyr.myweb.MywebApplication for test class top.lazyr.myweb.MywebApplicationTests
2020-11-02 15:36:26.002  INFO 7420 --- [           main] .b.t.c.SpringBootTestContextBootstrapper : Loaded default TestExecutionListener class names from location [META-INF/spring.factories]: [org.springframework.boot.test.mock.mockito.MockitoTestExecutionListener, org.springframework.boot.test.mock.mockito.ResetMocksTestExecutionListener, org.springframework.boot.test.autoconfigure.restdocs.RestDocsTestExecutionListener, org.springframework.boot.test.autoconfigure.web.client.MockRestServiceServerResetTestExecutionListener, org.springframework.boot.test.autoconfigure.web.servlet.MockMvcPrintOnlyOnFailureTestExecutionListener, org.springframework.boot.test.autoconfigure.web.servlet.WebDriverTestExecutionListener, org.springframework.boot.test.autoconfigure.webservices.client.MockWebServiceServerTestExecutionListener, org.springframework.test.context.web.ServletTestExecutionListener, org.springframework.test.context.support.DirtiesContextBeforeModesTestExecutionListener, org.springframework.test.context.support.DependencyInjectionTestExecutionListener, org.springframework.test.context.support.DirtiesContextTestExecutionListener, org.springframework.test.context.transaction.TransactionalTestExecutionListener, org.springframework.test.context.jdbc.SqlScriptsTestExecutionListener, org.springframework.test.context.event.EventPublishingTestExecutionListener]
2020-11-02 15:36:26.003  INFO 7420 --- [           main] .b.t.c.SpringBootTestContextBootstrapper : Using TestExecutionListeners: [org.springframework.test.context.web.ServletTestExecutionListener@359865a2, org.springframework.test.context.support.DirtiesContextBeforeModesTestExecutionListener@5d9bb69b, org.springframework.boot.test.mock.mockito.MockitoTestExecutionListener@25d0b918, org.springframework.boot.test.autoconfigure.SpringBootDependencyInjectionTestExecutionListener@9bf63d2, org.springframework.test.context.support.DirtiesContextTestExecutionListener@7ffcb232, org.springframework.test.context.transaction.TransactionalTestExecutionListener@7f53fc38, org.springframework.test.context.jdbc.SqlScriptsTestExecutionListener@5feb82b3, org.springframework.test.context.event.EventPublishingTestExecutionListener@2d38db6f, org.springframework.boot.test.mock.mockito.ResetMocksTestExecutionListener@37cf91d8, org.springframework.boot.test.autoconfigure.restdocs.RestDocsTestExecutionListener@571d0925, org.springframework.boot.test.autoconfigure.web.client.MockRestServiceServerResetTestExecutionListener@54e0f76f, org.springframework.boot.test.autoconfigure.web.servlet.MockMvcPrintOnlyOnFailureTestExecutionListener@3fe8ad3f, org.springframework.boot.test.autoconfigure.web.servlet.WebDriverTestExecutionListener@7462ba4b, org.springframework.boot.test.autoconfigure.webservices.client.MockWebServiceServerTestExecutionListener@4b09d1c3]
文件mydic.txt读取完毕
Hibernate: insert into dictionary (recent_time_modified, search_count, translation, word) values (?, ?, ?, ?)
2020-11-02 15:36:26.258  WARN 7420 --- [           main] o.h.engine.jdbc.spi.SqlExceptionHelper   : SQL Error: 1062, SQLState: 23000
2020-11-02 15:36:26.258 ERROR 7420 --- [           main] o.h.engine.jdbc.spi.SqlExceptionHelper   : Duplicate entry 'gratitude' for key 'word'
]]></system-out>
  </testcase>
  <testcase name="testWordDao" classname="top.lazyr.myweb.MywebApplicationTests" time="0.399"/>
  <testcase name="testDictionaryDao" classname="top.lazyr.myweb.MywebApplicationTests" time="0.054"/>
  <testcase name="insertDataToWord" classname="top.lazyr.myweb.MywebApplicationTests" time="0.329">
    <error message="could not execute statement; SQL [n/a]; constraint [words]; nested exception is org.hibernate.exception.ConstraintViolationException: could not execute statement" type="org.springframework.dao.DataIntegrityViolationException">org.springframework.dao.DataIntegrityViolationException: could not execute statement; SQL [n/a]; constraint [words]; nested exception is org.hibernate.exception.ConstraintViolationException: could not execute statement
	at top.lazyr.myweb.MywebApplicationTests.insertDataToWord(MywebApplicationTests.java:58)
Caused by: org.hibernate.exception.ConstraintViolationException: could not execute statement
	at top.lazyr.myweb.MywebApplicationTests.insertDataToWord(MywebApplicationTests.java:58)
Caused by: java.sql.SQLIntegrityConstraintViolationException: Duplicate entry 'gratitude altitude aptitude attitude multitude' for key 'words'
	at top.lazyr.myweb.MywebApplicationTests.insertDataToWord(MywebApplicationTests.java:58)
</error>
    <system-out><![CDATA[文件word.txt读取完毕
Hibernate: insert into word (is_deleted, search_count, is_user_defined, words) values (?, ?, ?, ?)
2020-11-02 15:36:27.078  WARN 7420 --- [           main] o.h.engine.jdbc.spi.SqlExceptionHelper   : SQL Error: 1062, SQLState: 23000
2020-11-02 15:36:27.078 ERROR 7420 --- [           main] o.h.engine.jdbc.spi.SqlExceptionHelper   : Duplicate entry 'gratitude altitude aptitude attitude multitude' for key 'words'
]]></system-out>
  </testcase>
  <testcase name="testWordService" classname="top.lazyr.myweb.MywebApplicationTests" time="0.598"/>
</testsuite>